<?xml version="1.0" encoding="UTF-8"?>
<testng-results ignored="6" total="10" passed="3" failed="1" skipped="0">
  <reporter-output>
  </reporter-output>
  <suite started-at="2022-07-19T14:51:34 IST" name="Suite" finished-at="2022-07-19T14:52:10 IST" duration-ms="35111">
    <groups>
    </groups>
    <test started-at="2022-07-19T14:51:34 IST" name="Test3" finished-at="2022-07-19T14:52:10 IST" duration-ms="35111">
      <class name="com.inetbanking.test.cases.serch_test_001">
        <test-method is-config="true" signature="setup(java.lang.String)[pri:0, instance:com.inetbanking.test.cases.serch_test_001@77847718]" started-at="2022-07-19T14:51:35 IST" name="setup" finished-at="2022-07-19T14:51:48 IST" duration-ms="13315" status="PASS">
          <params>
            <param index="0">
              <value>
                <![CDATA[edge]]>
              </value>
            </param>
          </params>
          <reporter-output>
          </reporter-output>
        </test-method> <!-- setup -->
        <test-method signature="searchtest()[pri:0, instance:com.inetbanking.test.cases.serch_test_001@77847718]" started-at="2022-07-19T14:51:48 IST" name="searchtest" finished-at="2022-07-19T14:51:49 IST" duration-ms="1277" status="FAIL">
          <exception class="org.openqa.selenium.WebDriverException">
            <message>
              <![CDATA[unknown error: cannot determine loading status
from unknown error: unexpected command response
  (Session info: MicrosoftEdge=103.0.1264.62)
Build info: version: '4.2.1', revision: 'ac4d0fdd4a'
System info: host: 'DESKTOP-E3FNQHB', ip: '192.168.1.15', os.name: 'Windows 11', os.arch: 'amd64', os.version: '10.0', java.version: '17.0.3.1'
Driver info: org.openqa.selenium.edge.EdgeDriver
Command: [d3d2828ea3134b039f2f810fd5b88e6a, clickElement {id=8dfb0f77-eed6-4ffb-aa64-c674d48137d4}]
Capabilities {acceptInsecureCerts: false, browserName: msedge, browserVersion: 103.0.1264.62, ms:edgeOptions: {debuggerAddress: localhost:53708}, msedge: {msedgedriverVersion: 103.0.1264.62 (e5d152f334ae..., userDataDir: C:\Users\akash\AppData\Loca...}, networkConnectionEnabled: false, pageLoadStrategy: normal, platformName: WINDOWS, proxy: Proxy(), se:cdp: ws://localhost:53708/devtoo..., se:cdpVersion: 103.0.1264.62, setWindowRect: true, strictFileInteractability: false, timeouts: {implicit: 0, pageLoad: 300000, script: 30000}, unhandledPromptBehavior: dismiss and notify, webauthn:extension:credBlob: true, webauthn:extension:largeBlob: true, webauthn:virtualAuthenticators: true}
Element: [[EdgeDriver: msedge on WINDOWS (d3d2828ea3134b039f2f810fd5b88e6a)] -> name: submit_search]
Session ID: d3d2828ea3134b039f2f810fd5b88e6a]]>
            </message>
            <full-stacktrace>
              <![CDATA[org.openqa.selenium.WebDriverException: unknown error: cannot determine loading status
from unknown error: unexpected command response
  (Session info: MicrosoftEdge=103.0.1264.62)
Build info: version: '4.2.1', revision: 'ac4d0fdd4a'
System info: host: 'DESKTOP-E3FNQHB', ip: '192.168.1.15', os.name: 'Windows 11', os.arch: 'amd64', os.version: '10.0', java.version: '17.0.3.1'
Driver info: org.openqa.selenium.edge.EdgeDriver
Command: [d3d2828ea3134b039f2f810fd5b88e6a, clickElement {id=8dfb0f77-eed6-4ffb-aa64-c674d48137d4}]
Capabilities {acceptInsecureCerts: false, browserName: msedge, browserVersion: 103.0.1264.62, ms:edgeOptions: {debuggerAddress: localhost:53708}, msedge: {msedgedriverVersion: 103.0.1264.62 (e5d152f334ae..., userDataDir: C:\Users\akash\AppData\Loca...}, networkConnectionEnabled: false, pageLoadStrategy: normal, platformName: WINDOWS, proxy: Proxy(), se:cdp: ws://localhost:53708/devtoo..., se:cdpVersion: 103.0.1264.62, setWindowRect: true, strictFileInteractability: false, timeouts: {implicit: 0, pageLoad: 300000, script: 30000}, unhandledPromptBehavior: dismiss and notify, webauthn:extension:credBlob: true, webauthn:extension:largeBlob: true, webauthn:virtualAuthenticators: true}
Element: [[EdgeDriver: msedge on WINDOWS (d3d2828ea3134b039f2f810fd5b88e6a)] -> name: submit_search]
Session ID: d3d2828ea3134b039f2f810fd5b88e6a
at java.base/jdk.internal.reflect.NativeConstructorAccessorImpl.newInstance0(Native Method)
at java.base/jdk.internal.reflect.NativeConstructorAccessorImpl.newInstance(NativeConstructorAccessorImpl.java:77)
at java.base/jdk.internal.reflect.DelegatingConstructorAccessorImpl.newInstance(DelegatingConstructorAccessorImpl.java:45)
at java.base/java.lang.reflect.Constructor.newInstanceWithCaller(Constructor.java:499)
at java.base/java.lang.reflect.Constructor.newInstance(Constructor.java:480)
at org.openqa.selenium.remote.codec.w3c.W3CHttpResponseCodec.createException(W3CHttpResponseCodec.java:200)
at org.openqa.selenium.remote.codec.w3c.W3CHttpResponseCodec.decode(W3CHttpResponseCodec.java:133)
at org.openqa.selenium.remote.codec.w3c.W3CHttpResponseCodec.decode(W3CHttpResponseCodec.java:53)
at org.openqa.selenium.remote.HttpCommandExecutor.execute(HttpCommandExecutor.java:184)
at org.openqa.selenium.remote.service.DriverCommandExecutor.invokeExecute(DriverCommandExecutor.java:167)
at org.openqa.selenium.remote.service.DriverCommandExecutor.execute(DriverCommandExecutor.java:142)
at org.openqa.selenium.remote.RemoteWebDriver.execute(RemoteWebDriver.java:551)
at org.openqa.selenium.remote.RemoteWebElement.execute(RemoteWebElement.java:257)
at org.openqa.selenium.remote.RemoteWebElement.click(RemoteWebElement.java:78)
at java.base/jdk.internal.reflect.NativeMethodAccessorImpl.invoke0(Native Method)
at java.base/jdk.internal.reflect.NativeMethodAccessorImpl.invoke(NativeMethodAccessorImpl.java:77)
at java.base/jdk.internal.reflect.DelegatingMethodAccessorImpl.invoke(DelegatingMethodAccessorImpl.java:43)
at java.base/java.lang.reflect.Method.invoke(Method.java:568)
at org.openqa.selenium.support.pagefactory.internal.LocatingElementHandler.invoke(LocatingElementHandler.java:52)
at jdk.proxy2/jdk.proxy2.$Proxy21.click(Unknown Source)
at com.inetbanking.pageobjects.search_page.serchsubmit(search_page.java:32)
at com.inetbanking.test.cases.serch_test_001.searchtest(serch_test_001.java:15)
at java.base/jdk.internal.reflect.NativeMethodAccessorImpl.invoke0(Native Method)
at java.base/jdk.internal.reflect.NativeMethodAccessorImpl.invoke(NativeMethodAccessorImpl.java:77)
at java.base/jdk.internal.reflect.DelegatingMethodAccessorImpl.invoke(DelegatingMethodAccessorImpl.java:43)
at java.base/java.lang.reflect.Method.invoke(Method.java:568)
at org.testng.internal.MethodInvocationHelper.invokeMethod(MethodInvocationHelper.java:133)
at org.testng.internal.TestInvoker.invokeMethod(TestInvoker.java:598)
at org.testng.internal.TestInvoker.invokeTestMethod(TestInvoker.java:173)
at org.testng.internal.MethodRunner.runInSequence(MethodRunner.java:46)
at org.testng.internal.TestInvoker$MethodInvocationAgent.invoke(TestInvoker.java:824)
at org.testng.internal.TestInvoker.invokeTestMethods(TestInvoker.java:146)
at org.testng.internal.TestMethodWorker.invokeTestMethods(TestMethodWorker.java:146)
at org.testng.internal.TestMethodWorker.run(TestMethodWorker.java:128)
at java.base/java.util.ArrayList.forEach(ArrayList.java:1511)
at org.testng.TestRunner.privateRun(TestRunner.java:794)
at org.testng.TestRunner.run(TestRunner.java:596)
at org.testng.SuiteRunner.runTest(SuiteRunner.java:377)
at org.testng.SuiteRunner.runSequentially(SuiteRunner.java:371)
at org.testng.SuiteRunner.privateRun(SuiteRunner.java:332)
at org.testng.SuiteRunner.run(SuiteRunner.java:276)
at org.testng.SuiteRunnerWorker.runSuite(SuiteRunnerWorker.java:53)
at org.testng.SuiteRunnerWorker.run(SuiteRunnerWorker.java:96)
at org.testng.TestNG.runSuitesSequentially(TestNG.java:1212)
at org.testng.TestNG.runSuitesLocally(TestNG.java:1134)
at org.testng.TestNG.runSuites(TestNG.java:1063)
at org.testng.TestNG.run(TestNG.java:1031)
at org.testng.remote.AbstractRemoteTestNG.run(AbstractRemoteTestNG.java:115)
at org.testng.remote.RemoteTestNG.initAndRun(RemoteTestNG.java:251)
at org.testng.remote.RemoteTestNG.main(RemoteTestNG.java:77)
]]>
            </full-stacktrace>
          </exception> <!-- org.openqa.selenium.WebDriverException -->
          <reporter-output>
          </reporter-output>
        </test-method> <!-- searchtest -->
        <test-method is-config="true" signature="teardown()[pri:0, instance:com.inetbanking.test.cases.serch_test_001@77847718]" started-at="2022-07-19T14:52:04 IST" name="teardown" finished-at="2022-07-19T14:52:10 IST" duration-ms="5158" status="PASS">
          <reporter-output>
          </reporter-output>
        </test-method> <!-- teardown -->
      </class> <!-- com.inetbanking.test.cases.serch_test_001 -->
      <class name="com.inetbanking.test.cases.Test_login_001">
        <test-method signature="logintest()[pri:0, instance:com.inetbanking.test.cases.Test_login_001@223191a6]" started-at="2022-07-19T14:52:01 IST" name="logintest" finished-at="2022-07-19T14:52:04 IST" duration-ms="3379" status="PASS">
          <reporter-output>
          </reporter-output>
        </test-method> <!-- logintest -->
      </class> <!-- com.inetbanking.test.cases.Test_login_001 -->
      <class name="com.inetbanking.test.cases.Test_addtocart_001">
        <test-method signature="cartaddtest()[pri:0, instance:com.inetbanking.test.cases.Test_addtocart_001@4550bb58]" started-at="2022-07-19T14:51:51 IST" name="cartaddtest" finished-at="2022-07-19T14:51:54 IST" duration-ms="3151" status="PASS">
          <reporter-output>
          </reporter-output>
        </test-method> <!-- cartaddtest -->
      </class> <!-- com.inetbanking.test.cases.Test_addtocart_001 -->
      <class name="com.inetbanking.test.cases.Test_order_001">
        <test-method signature="ordertest()[pri:0, instance:com.inetbanking.test.cases.Test_order_001@4ec4f3a0]" started-at="2022-07-19T14:51:54 IST" name="ordertest" finished-at="2022-07-19T14:52:01 IST" duration-ms="7199" status="PASS">
          <reporter-output>
          </reporter-output>
        </test-method> <!-- ordertest -->
      </class> <!-- com.inetbanking.test.cases.Test_order_001 -->
    </test> <!-- Test3 -->
  </suite> <!-- Suite -->
</testng-results>
